<?xml version="1.0" encoding="UTF-8"?>
<!-- Generated by org.testng.reporters.JUnitReportReporter -->
<testsuite skipped="0" hostname="DESKTOP-FUFB5TL" name="test.AddContactTest" tests="1" failures="0" timestamp="2022-03-22T13:20:51 CDT" time="19.367" errors="0">
  <testcase name="valisUserShouldBeAbleToAddCustomers" time="19.367" classname="test.AddContactTest"/>
  <system-out/>
</testsuite> <!-- test.AddContactTest -->
